#
# A fatal error has been detected by the Java Runtime Environment:
#
#  EXCEPTION_ACCESS_VIOLATION (0xc0000005) at pc=0x000000005fb93265, pid=12752, tid=0x0000000000004328
#
# JRE version: Java(TM) SE Runtime Environment (8.0_221-b11) (build 1.8.0_221-b11)
# Java VM: Java HotSpot(TM) 64-Bit Server VM (25.221-b11 mixed mode windows-amd64 compressed oops)
# Problematic frame:
# V  [jvm.dll+0x73265]
#
# Failed to write core dump. Minidumps are not enabled by default on client versions of Windows
#
# If you would like to submit a bug report, please visit:
#   http://bugreport.java.com/bugreport/crash.jsp
#

---------------  T H R E A D  ---------------

Current thread (0x0000000017a77800):  VMThread [stack: 0x0000000018b10000,0x0000000018c10000] [id=17192]

siginfo: ExceptionCode=0xc0000005, reading address 0x0000000060ca7ba0

Registers:
RAX=0x0000000060ca7b58, RBX=0x0000000003043800, RCX=0x0000000017551258, RDX=0x000000005fb93201
RSP=0x0000000018c0f028, RBP=0x000000005fb93260, RSI=0x0000000000000000, RDI=0x0000000000000000
R8 =0x0000000003060030, R9 =0x00000000031408da, R10=0x0000000018c0f0b0, R11=0x0000000018d0f2d0
R12=0x00000000179858d8, R13=0x00000000000003d8, R14=0x0000000017985500, R15=0x00000000179858d8
RIP=0x000000005fb93265, EFLAGS=0x0000000000010246

Top of Stack: (sp=0x0000000018c0f028)
0x0000000018c0f028:   000000005fd6311e 0000000017a79000
0x0000000018c0f038:   000000005fb93260 0000000000000028
0x0000000018c0f048:   000000005fbbb36f 0000000018d0f2e0
0x0000000018c0f058:   00000000031408da 0000000003140790
0x0000000018c0f068:   0000000000000000 0000000018d0f3c0
0x0000000018c0f078:   0000000018d0f2e0 0000000018d0f2e0
0x0000000018c0f088:   00000000031408da 0000000003140790
0x0000000018c0f098:   0000000000000000 0000000018d0f3c0
0x0000000018c0f0a8:   0000000018d0f2e0 0000000018c0f100
0x0000000018c0f0b8:   0000000000000000 0000000000000004
0x0000000018c0f0c8:   0000000002f0f5d8 00000000602db878
0x0000000018c0f0d8:   000000005fd630a0 0000000003043800
0x0000000018c0f0e8:   0000000000000000 0000000000000004
0x0000000018c0f0f8:   0000000017a780b0 0000000018d0f2d0
0x0000000018c0f108:   0000000018d0f2d0 0000000003140790
0x0000000018c0f118:   0000000000000000 0000000002f0f720 

Instructions: (pc=0x000000005fb93265)
0x000000005fb93245:   24 60 48 8b 6c 24 68 48 8b 74 24 70 48 83 c4 30
0x000000005fb93255:   41 5f 41 5e 41 5d 41 5c 5f c3 cc 48 8b 01 b2 01
0x000000005fb93265:   48 ff 60 48 cc cc cc cc cc cc cc 48 8d 15 e9 ff
0x000000005fb93275:   ff ff e9 44 5b 02 00 cc cc cc cc 48 89 5c 24 08 


Register to memory mapping:

RAX=0x0000000060ca7b58 is an unknown value
RBX=0x0000000003043800 is a thread
RCX=0x0000000017551258 is pointing into metadata
RDX=0x000000005fb93201 is an unknown value
RSP=0x0000000018c0f028 is an unknown value
RBP=0x000000005fb93260 is an unknown value
RSI=0x0000000000000000 is an unknown value
RDI=0x0000000000000000 is an unknown value
R8 =0x0000000003060030 is an unknown value
R9 =0x00000000031408da is at begin+179 in a stub
StubRoutines::call_stub [0x0000000003140827, 0x000000000314098b[ (356 bytes)
R10=0x0000000018c0f0b0 is an unknown value
R11=0x0000000018d0f2d0 is pointing into the stack for thread: 0x0000000017a79000
R12=0x00000000179858d8 is an unknown value
R13=0x00000000000003d8 is an unknown value
R14=0x0000000017985500 is an unknown value
R15=0x00000000179858d8 is an unknown value


Stack: [0x0000000018b10000,0x0000000018c10000],  sp=0x0000000018c0f028,  free space=1020k
Native frames: (J=compiled Java code, j=interpreted, Vv=VM code, C=native code)
V  [jvm.dll+0x73265]

VM_Operation (0x000000001956f3c0): RedefineClasses, mode: safepoint, requested by thread 0x0000000017ab9000


---------------  P R O C E S S  ---------------

Java Threads: ( => current thread )
  0x0000000019a76800 JavaThread "mysql-cj-abandoned-connection-cleanup" daemon [_thread_blocked, id=11292, stack(0x000000001ac70000,0x000000001ad70000)]
  0x000000001987f000 JavaThread "Service Thread" daemon [_thread_blocked, id=10684, stack(0x0000000019e70000,0x0000000019f70000)]
  0x000000001987c800 JavaThread "C1 CompilerThread2" daemon [_thread_blocked, id=16608, stack(0x0000000019d70000,0x0000000019e70000)]
  0x0000000019877800 JavaThread "C2 CompilerThread1" daemon [_thread_blocked, id=15456, stack(0x0000000019c70000,0x0000000019d70000)]
  0x0000000019877000 JavaThread "C2 CompilerThread0" daemon [_thread_blocked, id=13280, stack(0x0000000019b70000,0x0000000019c70000)]
  0x0000000017ac9800 JavaThread "JDWP Command Reader" daemon [_thread_in_native, id=1900, stack(0x0000000019670000,0x0000000019770000)]
  0x0000000017ac8000 JavaThread "JDWP Event Helper Thread" daemon [_thread_blocked, id=4828, stack(0x0000000019570000,0x0000000019670000)]
  0x0000000017ab9000 JavaThread "JDWP Transport Listener: dt_socket" daemon [_thread_blocked, id=13508, stack(0x0000000019470000,0x0000000019570000)]
  0x0000000017ab1000 JavaThread "Attach Listener" daemon [_thread_blocked, id=9544, stack(0x0000000019030000,0x0000000019130000)]
  0x0000000017aaf000 JavaThread "Signal Dispatcher" daemon [_thread_blocked, id=10080, stack(0x0000000018f30000,0x0000000019030000)]
  0x000000000313c800 JavaThread "Finalizer" daemon [_thread_blocked, id=14232, stack(0x0000000018d10000,0x0000000018e10000)]
  0x0000000017a79000 JavaThread "Reference Handler" daemon [_thread_blocked, id=17380, stack(0x0000000018c10000,0x0000000018d10000)]
  0x0000000003043800 JavaThread "main" [_thread_blocked, id=15088, stack(0x0000000002e10000,0x0000000002f10000)]

Other Threads:
=>0x0000000017a77800 VMThread [stack: 0x0000000018b10000,0x0000000018c10000] [id=17192]
  0x0000000019983000 WatcherThread [stack: 0x0000000019f70000,0x000000001a070000] [id=13772]

VM state:at safepoint (normal execution)

VM Mutex/Monitor currently owned by a thread:  ([mutex/lock_event])
[0x0000000003040d50] Threads_lock - owner thread: 0x0000000017a77800

heap address: 0x0000000084a00000, size: 1974 MB, Compressed Oops mode: 32-bit
Narrow klass base: 0x0000000000000000, Narrow klass shift: 3
Compressed class space size: 1073741824 Address: 0x0000000100000000

Heap:
 PSYoungGen      total 36352K, used 8616K [0x00000000d6e00000, 0x00000000d9c80000, 0x0000000100000000)
  eden space 31232K, 27% used [0x00000000d6e00000,0x00000000d766a3a8,0x00000000d8c80000)
  from space 5120K, 0% used [0x00000000d8d00000,0x00000000d8d00000,0x00000000d9200000)
  to   space 8192K, 0% used [0x00000000d9480000,0x00000000d9480000,0x00000000d9c80000)
 ParOldGen       total 39936K, used 6509K [0x0000000084a00000, 0x0000000087100000, 0x00000000d6e00000)
  object space 39936K, 16% used [0x0000000084a00000,0x000000008505b6f0,0x0000000087100000)
 Metaspace       used 21756K, capacity 22014K, committed 22272K, reserved 1069056K
  class space    used 2696K, capacity 2783K, committed 2816K, reserved 1048576K

Card table byte_map: [0x0000000012500000,0x00000000128e0000] byte_map_base: 0x00000000120db000

Marking Bits: (ParMarkBitMap*) 0x0000000060345ce0
 Begin Bits: [0x0000000012f80000, 0x0000000014e58000)
 End Bits:   [0x0000000014e58000, 0x0000000016d30000)

Polling page: 0x00000000015a0000

CodeCache: size=245760Kb used=3772Kb max_used=3865Kb free=241987Kb
 bounds [0x0000000003140000, 0x0000000003520000, 0x0000000012140000]
 total_blobs=835 nmethods=388 adapters=368
 compilation: enabled

Compilation events (10 events):
Event: 51553.763 Thread 0x000000001987c800  413       3       org.eclipse.jdt.launching.internal.org.objectweb.asm.SymbolTable$Entry::<init> (20 bytes)
Event: 51553.764 Thread 0x000000001987c800 nmethod 413 0x00000000032a1390 code [0x00000000032a1500, 0x00000000032a16e8]
Event: 52189.909 Thread 0x000000001987c800  414       3       org.eclipse.jdt.launching.internal.org.objectweb.asm.Type::getArgumentsAndReturnSizes (132 bytes)
Event: 52189.911 Thread 0x000000001987c800 nmethod 414 0x00000000034b8c10 code [0x00000000034b8e80, 0x00000000034b9ef8]
Event: 52189.911 Thread 0x000000001987c800  415       3       org.eclipse.jdt.launching.internal.org.objectweb.asm.Symbol::getArgumentsAndReturnSizes (23 bytes)
Event: 52189.911 Thread 0x000000001987c800 nmethod 415 0x000000000348db90 code [0x000000000348dd00, 0x000000000348dec8]
Event: 52264.066 Thread 0x000000001987c800  416       3       org.eclipse.jdt.launching.internal.org.objectweb.asm.ClassWriter::visit (160 bytes)
Event: 52264.076 Thread 0x000000001987c800 nmethod 416 0x00000000034b7990 code [0x00000000034b7b80, 0x00000000034b85f8]
Event: 52854.152 Thread 0x000000001987c800  417       1       org.eclipse.jdt.launching.internal.org.objectweb.asm.MethodWriter::visitEnd (1 bytes)
Event: 52854.153 Thread 0x000000001987c800 nmethod 417 0x00000000032a84d0 code [0x00000000032a8620, 0x00000000032a8730]

GC Heap History (10 events):
Event: 16.510 GC heap before
{Heap before GC invocations=2 (full 0):
 PSYoungGen      total 36864K, used 34933K [0x00000000d6e00000, 0x00000000d9700000, 0x0000000100000000)
  eden space 31744K, 100% used [0x00000000d6e00000,0x00000000d8d00000,0x00000000d8d00000)
  from space 5120K, 62% used [0x00000000d8d00000,0x00000000d901d418,0x00000000d9200000)
  to   space 5120K, 0% used [0x00000000d9200000,0x00000000d9200000,0x00000000d9700000)
 ParOldGen       total 84992K, used 8K [0x0000000084a00000, 0x0000000089d00000, 0x00000000d6e00000)
  object space 84992K, 0% used [0x0000000084a00000,0x0000000084a02000,0x0000000089d00000)
 Metaspace       used 12642K, capacity 12802K, committed 13056K, reserved 1060864K
  class space    used 1609K, capacity 1673K, committed 1792K, reserved 1048576K
Event: 16.515 GC heap after
Heap after GC invocations=2 (full 0):
 PSYoungGen      total 36864K, used 3579K [0x00000000d6e00000, 0x00000000d9700000, 0x0000000100000000)
  eden space 31744K, 0% used [0x00000000d6e00000,0x00000000d6e00000,0x00000000d8d00000)
  from space 5120K, 69% used [0x00000000d9200000,0x00000000d957eed0,0x00000000d9700000)
  to   space 5120K, 0% used [0x00000000d8d00000,0x00000000d8d00000,0x00000000d9200000)
 ParOldGen       total 84992K, used 16K [0x0000000084a00000, 0x0000000089d00000, 0x00000000d6e00000)
  object space 84992K, 0% used [0x0000000084a00000,0x0000000084a04000,0x0000000089d00000)
 Metaspace       used 12642K, capacity 12802K, committed 13056K, reserved 1060864K
  class space    used 1609K, capacity 1673K, committed 1792K, reserved 1048576K
}
Event: 19.946 GC heap before
{Heap before GC invocations=3 (full 0):
 PSYoungGen      total 36864K, used 35323K [0x00000000d6e00000, 0x00000000d9700000, 0x0000000100000000)
  eden space 31744K, 100% used [0x00000000d6e00000,0x00000000d8d00000,0x00000000d8d00000)
  from space 5120K, 69% used [0x00000000d9200000,0x00000000d957eed0,0x00000000d9700000)
  to   space 5120K, 0% used [0x00000000d8d00000,0x00000000d8d00000,0x00000000d9200000)
 ParOldGen       total 84992K, used 16K [0x0000000084a00000, 0x0000000089d00000, 0x00000000d6e00000)
  object space 84992K, 0% used [0x0000000084a00000,0x0000000084a04000,0x0000000089d00000)
 Metaspace       used 16119K, capacity 16328K, committed 16512K, reserved 1062912K
  class space    used 2055K, capacity 2132K, committed 2176K, reserved 1048576K
Event: 19.951 GC heap after
Heap after GC invocations=3 (full 0):
 PSYoungGen      total 36864K, used 5117K [0x00000000d6e00000, 0x00000000d9700000, 0x0000000100000000)
  eden space 31744K, 0% used [0x00000000d6e00000,0x00000000d6e00000,0x00000000d8d00000)
  from space 5120K, 99% used [0x00000000d8d00000,0x00000000d91ff4a0,0x00000000d9200000)
  to   space 5120K, 0% used [0x00000000d9200000,0x00000000d9200000,0x00000000d9700000)
 ParOldGen       total 84992K, used 447K [0x0000000084a00000, 0x0000000089d00000, 0x00000000d6e00000)
  object space 84992K, 0% used [0x0000000084a00000,0x0000000084a6fdc8,0x0000000089d00000)
 Metaspace       used 16119K, capacity 16328K, committed 16512K, reserved 1062912K
  class space    used 2055K, capacity 2132K, committed 2176K, reserved 1048576K
}
Event: 24.273 GC heap before
{Heap before GC invocations=4 (full 0):
 PSYoungGen      total 36864K, used 36861K [0x00000000d6e00000, 0x00000000d9700000, 0x0000000100000000)
  eden space 31744K, 100% used [0x00000000d6e00000,0x00000000d8d00000,0x00000000d8d00000)
  from space 5120K, 99% used [0x00000000d8d00000,0x00000000d91ff4a0,0x00000000d9200000)
  to   space 5120K, 0% used [0x00000000d9200000,0x00000000d9200000,0x00000000d9700000)
 ParOldGen       total 84992K, used 447K [0x0000000084a00000, 0x0000000089d00000, 0x00000000d6e00000)
  object space 84992K, 0% used [0x0000000084a00000,0x0000000084a6fdc8,0x0000000089d00000)
 Metaspace       used 18810K, capacity 19016K, committed 19200K, reserved 1067008K
  class space    used 2389K, capacity 2452K, committed 2560K, reserved 1048576K
Event: 24.279 GC heap after
Heap after GC invocations=4 (full 0):
 PSYoungGen      total 36864K, used 5089K [0x00000000d6e00000, 0x00000000d9700000, 0x0000000100000000)
  eden space 31744K, 0% used [0x00000000d6e00000,0x00000000d6e00000,0x00000000d8d00000)
  from space 5120K, 99% used [0x00000000d9200000,0x00000000d96f84c0,0x00000000d9700000)
  to   space 5120K, 0% used [0x00000000d8d00000,0x00000000d8d00000,0x00000000d9200000)
 ParOldGen       total 84992K, used 1629K [0x0000000084a00000, 0x0000000089d00000, 0x00000000d6e00000)
  object space 84992K, 1% used [0x0000000084a00000,0x0000000084b97440,0x0000000089d00000)
 Metaspace       used 18810K, capacity 19016K, committed 19200K, reserved 1067008K
  class space    used 2389K, capacity 2452K, committed 2560K, reserved 1048576K
}
Event: 96.027 GC heap before
{Heap before GC invocations=5 (full 0):
 PSYoungGen      total 36864K, used 32195K [0x00000000d6e00000, 0x00000000d9700000, 0x0000000100000000)
  eden space 31744K, 85% used [0x00000000d6e00000,0x00000000d8878758,0x00000000d8d00000)
  from space 5120K, 99% used [0x00000000d9200000,0x00000000d96f84c0,0x00000000d9700000)
  to   space 5120K, 0% used [0x00000000d8d00000,0x00000000d8d00000,0x00000000d9200000)
 ParOldGen       total 84992K, used 1629K [0x0000000084a00000, 0x0000000089d00000, 0x00000000d6e00000)
  object space 84992K, 1% used [0x0000000084a00000,0x0000000084b97440,0x0000000089d00000)
 Metaspace       used 20799K, capacity 21054K, committed 21248K, reserved 1067008K
  class space    used 2639K, capacity 2719K, committed 2816K, reserved 1048576K
Event: 96.038 GC heap after
Heap after GC invocations=5 (full 0):
 PSYoungGen      total 36352K, used 5102K [0x00000000d6e00000, 0x00000000d9c80000, 0x0000000100000000)
  eden space 31232K, 0% used [0x00000000d6e00000,0x00000000d6e00000,0x00000000d8c80000)
  from space 5120K, 99% used [0x00000000d8d00000,0x00000000d91fb8e0,0x00000000d9200000)
  to   space 8192K, 0% used [0x00000000d9480000,0x00000000d9480000,0x00000000d9c80000)
 ParOldGen       total 84992K, used 3155K [0x0000000084a00000, 0x0000000089d00000, 0x00000000d6e00000)
  object space 84992K, 3% used [0x0000000084a00000,0x0000000084d14d10,0x0000000089d00000)
 Metaspace       used 20799K, capacity 21054K, committed 21248K, reserved 1067008K
  class space    used 2639K, capacity 2719K, committed 2816K, reserved 1048576K
}
Event: 96.038 GC heap before
{Heap before GC invocations=6 (full 1):
 PSYoungGen      total 36352K, used 5102K [0x00000000d6e00000, 0x00000000d9c80000, 0x0000000100000000)
  eden space 31232K, 0% used [0x00000000d6e00000,0x00000000d6e00000,0x00000000d8c80000)
  from space 5120K, 99% used [0x00000000d8d00000,0x00000000d91fb8e0,0x00000000d9200000)
  to   space 8192K, 0% used [0x00000000d9480000,0x00000000d9480000,0x00000000d9c80000)
 ParOldGen       total 84992K, used 3155K [0x0000000084a00000, 0x0000000089d00000, 0x00000000d6e00000)
  object space 84992K, 3% used [0x0000000084a00000,0x0000000084d14d10,0x0000000089d00000)
 Metaspace       used 20799K, capacity 21054K, committed 21248K, reserved 1067008K
  class space    used 2639K, capacity 2719K, committed 2816K, reserved 1048576K
Event: 96.072 GC heap after
Heap after GC invocations=6 (full 1):
 PSYoungGen      total 36352K, used 0K [0x00000000d6e00000, 0x00000000d9c80000, 0x0000000100000000)
  eden space 31232K, 0% used [0x00000000d6e00000,0x00000000d6e00000,0x00000000d8c80000)
  from space 5120K, 0% used [0x00000000d8d00000,0x00000000d8d00000,0x00000000d9200000)
  to   space 8192K, 0% used [0x00000000d9480000,0x00000000d9480000,0x00000000d9c80000)
 ParOldGen       total 39936K, used 6509K [0x0000000084a00000, 0x0000000087100000, 0x00000000d6e00000)
  object space 39936K, 16% used [0x0000000084a00000,0x000000008505b6f0,0x0000000087100000)
 Metaspace       used 20799K, capacity 21054K, committed 21248K, reserved 1067008K
  class space    used 2639K, capacity 2719K, committed 2816K, reserved 1048576K
}

Deoptimization events (0 events):
No events

Classes redefined (10 events):
Event: 52189.938 Thread 0x0000000017a77800 redefined class name=com.componentes.tester.testerInsertarFormulario, count=28
Event: 52195.104 Thread 0x0000000017a77800 redefined class name=com.componentes.tester.testerInsertarFormulario, count=29
Event: 52219.702 Thread 0x0000000017a77800 redefined class name=com.componentes.tester.testerInsertarFormulario, count=30
Event: 52225.790 Thread 0x0000000017a77800 redefined class name=com.componentes.tester.testerInsertarFormulario, count=31
Event: 52336.782 Thread 0x0000000017a77800 redefined class name=com.componentes.tester.testerInsertarFormulario, count=32
Event: 52341.103 Thread 0x0000000017a77800 redefined class name=com.componentes.tester.testerInsertarFormulario, count=33
Event: 52458.082 Thread 0x0000000017a77800 redefined class name=com.componentes.tester.testerInsertarFormulario, count=34
Event: 52525.861 Thread 0x0000000017a77800 redefined class name=com.componentes.tester.testerInsertarFormulario, count=35
Event: 52854.161 Thread 0x0000000017a77800 redefined class name=com.componentes.tester.testerInsertarFormulario, count=36
Event: 52859.904 Thread 0x0000000017a77800 redefined class name=com.componentes.tester.testerInsertarFormulario, count=37

Internal exceptions (10 events):
Event: 16.168 Thread 0x0000000003043800 Exception <a 'java/lang/ClassNotFoundException': org/hibernate/event/EventListenersBeanInfo> (0x00000000d8990dc0) thrown at [C:\re\workspace\8-2-build-windows-amd64-cygwin\jdk8u221\13320\hotspot\src\share\vm\classfile\systemDictionary.cpp, line 210]
Event: 16.170 Thread 0x0000000003043800 Exception <a 'java/lang/ClassNotFoundException': org/hibernate/util/CloneableBeanInfo> (0x00000000d89953d8) thrown at [C:\re\workspace\8-2-build-windows-amd64-cygwin\jdk8u221\13320\hotspot\src\share\vm\classfile\systemDictionary.cpp, line 210]
Event: 16.171 Thread 0x0000000003043800 Exception <a 'java/lang/ClassNotFoundException': org/hibernate/util/CloneableCustomizer> (0x00000000d899a228) thrown at [C:\re\workspace\8-2-build-windows-amd64-cygwin\jdk8u221\13320\hotspot\src\share\vm\classfile\systemDictionary.cpp, line 210]
Event: 16.176 Thread 0x0000000003043800 Exception <a 'java/lang/ClassNotFoundException': org/hibernate/event/EventListenersCustomizer> (0x00000000d89acaa0) thrown at [C:\re\workspace\8-2-build-windows-amd64-cygwin\jdk8u221\13320\hotspot\src\share\vm\classfile\systemDictionary.cpp, line 210]
Event: 16.580 Thread 0x0000000003043800 Exception <a 'java/lang/NoSuchFieldError': method resolution failed> (0x00000000d6e702a0) thrown at [C:\re\workspace\8-2-build-windows-amd64-cygwin\jdk8u221\13320\hotspot\src\share\vm\prims\methodHandles.cpp, line 1167]
Event: 16.593 Thread 0x0000000003043800 Exception <a 'java/lang/NoSuchFieldError': method resolution failed> (0x00000000d6e7e8e0) thrown at [C:\re\workspace\8-2-build-windows-amd64-cygwin\jdk8u221\13320\hotspot\src\share\vm\prims\methodHandles.cpp, line 1167]
Event: 19.986 Thread 0x0000000003043800 Exception <a 'java/lang/ClassNotFoundException': org/hibernate/event/EventListenersBeanInfo> (0x00000000d6e4f830) thrown at [C:\re\workspace\8-2-build-windows-amd64-cygwin\jdk8u221\13320\hotspot\src\share\vm\classfile\systemDictionary.cpp, line 210]
Event: 19.987 Thread 0x0000000003043800 Exception <a 'java/lang/ClassNotFoundException': org/hibernate/util/CloneableBeanInfo> (0x00000000d6e53d58) thrown at [C:\re\workspace\8-2-build-windows-amd64-cygwin\jdk8u221\13320\hotspot\src\share\vm\classfile\systemDictionary.cpp, line 210]
Event: 19.989 Thread 0x0000000003043800 Exception <a 'java/lang/ClassNotFoundException': org/hibernate/util/CloneableCustomizer> (0x00000000d6e58388) thrown at [C:\re\workspace\8-2-build-windows-amd64-cygwin\jdk8u221\13320\hotspot\src\share\vm\classfile\systemDictionary.cpp, line 210]
Event: 19.991 Thread 0x0000000003043800 Exception <a 'java/lang/ClassNotFoundException': org/hibernate/event/EventListenersCustomizer> (0x00000000d6e5e2e0) thrown at [C:\re\workspace\8-2-build-windows-amd64-cygwin\jdk8u221\13320\hotspot\src\share\vm\classfile\systemDictionary.cpp, line 210]

Events (10 events):
Event: 52854.172 Executing VM operation: ChangeBreakpoints done
Event: 52854.173 Executing VM operation: ChangeBreakpoints
Event: 52854.173 Executing VM operation: ChangeBreakpoints done
Event: 52859.896 Executing VM operation: RedefineClasses
Event: 52859.904 Executing VM operation: RedefineClasses done
Event: 52859.913 Executing VM operation: ChangeBreakpoints
Event: 52859.914 Executing VM operation: ChangeBreakpoints done
Event: 52859.914 Executing VM operation: ChangeBreakpoints
Event: 52859.914 Executing VM operation: ChangeBreakpoints done
Event: 52864.977 Executing VM operation: RedefineClasses


Dynamic libraries:
0x00007ff6d9330000 - 0x00007ff6d9367000 	C:\Program Files\Java\jre1.8.0_221\bin\javaw.exe
0x00007ffca9b60000 - 0x00007ffca9d50000 	C:\WINDOWS\SYSTEM32\ntdll.dll
0x00007ffca80d0000 - 0x00007ffca8182000 	C:\WINDOWS\System32\KERNEL32.DLL
0x00007ffca7340000 - 0x00007ffca75e3000 	C:\WINDOWS\System32\KERNELBASE.dll
0x00007ffca7e60000 - 0x00007ffca7f03000 	C:\WINDOWS\System32\ADVAPI32.dll
0x00007ffca8d70000 - 0x00007ffca8e0e000 	C:\WINDOWS\System32\msvcrt.dll
0x00007ffca8350000 - 0x00007ffca83e7000 	C:\WINDOWS\System32\sechost.dll
0x00007ffca8eb0000 - 0x00007ffca8fd0000 	C:\WINDOWS\System32\RPCRT4.dll
0x00007ffca8ae0000 - 0x00007ffca8c74000 	C:\WINDOWS\System32\USER32.dll
0x00007ffca7a80000 - 0x00007ffca7aa1000 	C:\WINDOWS\System32\win32u.dll
0x00007ffca9050000 - 0x00007ffca9076000 	C:\WINDOWS\System32\GDI32.dll
0x00007ffca76f0000 - 0x00007ffca7884000 	C:\WINDOWS\System32\gdi32full.dll
0x00007ffca79e0000 - 0x00007ffca7a7e000 	C:\WINDOWS\System32\msvcp_win.dll
0x00007ffca75f0000 - 0x00007ffca76ea000 	C:\WINDOWS\System32\ucrtbase.dll
0x00007ffc9ca80000 - 0x00007ffc9cd05000 	C:\WINDOWS\WinSxS\amd64_microsoft.windows.common-controls_6595b64144ccf1df_6.0.18362.476_none_e6c4b11b130f2595\COMCTL32.dll
0x00007ffca9080000 - 0x00007ffca93b6000 	C:\WINDOWS\System32\combase.dll
0x00007ffca7ab0000 - 0x00007ffca7b30000 	C:\WINDOWS\System32\bcryptPrimitives.dll
0x00007ffca8e10000 - 0x00007ffca8e3e000 	C:\WINDOWS\System32\IMM32.DLL
0x000000005f2b0000 - 0x000000005f382000 	C:\Program Files\Java\jre1.8.0_221\bin\msvcr100.dll
0x000000005fb20000 - 0x00000000603c5000 	C:\Program Files\Java\jre1.8.0_221\bin\server\jvm.dll
0x00007ffca8e40000 - 0x00007ffca8e48000 	C:\WINDOWS\System32\PSAPI.DLL
0x00007ffc9d320000 - 0x00007ffc9d32a000 	C:\WINDOWS\SYSTEM32\VERSION.dll
0x00007ffca4110000 - 0x00007ffca4134000 	C:\WINDOWS\SYSTEM32\WINMM.dll
0x00007ffca40e0000 - 0x00007ffca410d000 	C:\WINDOWS\SYSTEM32\winmmbase.dll
0x00007ffca7b30000 - 0x00007ffca7b7a000 	C:\WINDOWS\System32\cfgmgr32.dll
0x00007ffca3270000 - 0x00007ffca3279000 	C:\WINDOWS\SYSTEM32\WSOCK32.dll
0x00007ffca9430000 - 0x00007ffca949f000 	C:\WINDOWS\System32\WS2_32.dll
0x00007ffca2f30000 - 0x00007ffca2f3f000 	C:\Program Files\Java\jre1.8.0_221\bin\verify.dll
0x00007ffc8bda0000 - 0x00007ffc8bdc9000 	C:\Program Files\Java\jre1.8.0_221\bin\java.dll
0x00007ffc76090000 - 0x00007ffc760c5000 	C:\Program Files\Java\jre1.8.0_221\bin\jdwp.dll
0x00007ffca2150000 - 0x00007ffca2158000 	C:\Program Files\Java\jre1.8.0_221\bin\npt.dll
0x00007ffc7dfb0000 - 0x00007ffc7dfd3000 	C:\Program Files\Java\jre1.8.0_221\bin\instrument.dll
0x00007ffc8fd50000 - 0x00007ffc8fd66000 	C:\Program Files\Java\jre1.8.0_221\bin\zip.dll
0x00007ffca83f0000 - 0x00007ffca8ad5000 	C:\WINDOWS\System32\SHELL32.dll
0x00007ffca8240000 - 0x00007ffca82e9000 	C:\WINDOWS\System32\shcore.dll
0x00007ffca6af0000 - 0x00007ffca726e000 	C:\WINDOWS\System32\windows.storage.dll
0x00007ffca6a80000 - 0x00007ffca6a9f000 	C:\WINDOWS\System32\profapi.dll
0x00007ffca6aa0000 - 0x00007ffca6aea000 	C:\WINDOWS\System32\powrprof.dll
0x00007ffca6a30000 - 0x00007ffca6a40000 	C:\WINDOWS\System32\UMPDC.dll
0x00007ffca82f0000 - 0x00007ffca8342000 	C:\WINDOWS\System32\shlwapi.dll
0x00007ffca6a60000 - 0x00007ffca6a71000 	C:\WINDOWS\System32\kernel.appcore.dll
0x00007ffca7320000 - 0x00007ffca7337000 	C:\WINDOWS\System32\cryptsp.dll
0x00007ffca2100000 - 0x00007ffca2109000 	C:\Program Files\Java\jre1.8.0_221\bin\dt_socket.dll
0x00007ffc892a0000 - 0x00007ffc892b6000 	C:\WINDOWS\system32\napinsp.dll
0x00007ffc89580000 - 0x00007ffc8959a000 	C:\WINDOWS\system32\pnrpnsp.dll
0x00007ffca2f70000 - 0x00007ffca2f85000 	C:\WINDOWS\system32\wshbth.dll
0x00007ffca1db0000 - 0x00007ffca1dcc000 	C:\WINDOWS\system32\NLAapi.dll
0x00007ffca5f10000 - 0x00007ffca5f4a000 	C:\WINDOWS\SYSTEM32\IPHLPAPI.DLL
0x00007ffca61f0000 - 0x00007ffca6257000 	C:\WINDOWS\System32\mswsock.dll
0x00007ffca5f50000 - 0x00007ffca601a000 	C:\WINDOWS\SYSTEM32\DNSAPI.dll
0x00007ffca80c0000 - 0x00007ffca80c8000 	C:\WINDOWS\System32\NSI.dll
0x00007ffc8cf40000 - 0x00007ffc8cf4e000 	C:\WINDOWS\System32\winrnr.dll
0x00007ffca0b50000 - 0x00007ffca0bc7000 	C:\WINDOWS\System32\fwpuclnt.dll
0x00007ffca7be0000 - 0x00007ffca7c06000 	C:\WINDOWS\System32\bcrypt.dll
0x00007ffca13a0000 - 0x00007ffca13aa000 	C:\Windows\System32\rasadhlp.dll
0x00007ffc8fcf0000 - 0x00007ffc8fd0a000 	C:\Program Files\Java\jre1.8.0_221\bin\net.dll
0x00007ffc96ce0000 - 0x00007ffc96eb6000 	C:\WINDOWS\SYSTEM32\urlmon.dll
0x00007ffc9cd40000 - 0x00007ffc9cfe6000 	C:\WINDOWS\SYSTEM32\iertutil.dll
0x00007ffca6370000 - 0x00007ffca637c000 	C:\WINDOWS\SYSTEM32\CRYPTBASE.DLL
0x00007ffca5d70000 - 0x00007ffca5da3000 	C:\WINDOWS\system32\rsaenh.dll
0x00007ffca6950000 - 0x00007ffca6975000 	C:\WINDOWS\SYSTEM32\USERENV.dll
0x00007ffca0fd0000 - 0x00007ffca0fe6000 	C:\WINDOWS\SYSTEM32\dhcpcsvc6.DLL
0x00007ffca0fb0000 - 0x00007ffca0fcc000 	C:\WINDOWS\SYSTEM32\dhcpcsvc.DLL
0x00007ffc8fbf0000 - 0x00007ffc8fc02000 	C:\Program Files\Java\jre1.8.0_221\bin\nio.dll
0x00007ffc91060000 - 0x00007ffc91254000 	C:\WINDOWS\SYSTEM32\dbghelp.dll

VM Arguments:
jvm_args: -agentlib:jdwp=transport=dt_socket,suspend=y,address=localhost:52436 -javaagent:C:\Users\Steve\eclipse\jee-2019-09\eclipse\configuration\org.eclipse.osgi\412\0\.cp\lib\javaagent-shaded.jar -Dfile.encoding=Cp1252 
java_command: com.componentes.tester.testerInsertarFormulario
java_class_path (initial): C:\Users\Steve\git\componentesBackEnd\build\classes;C:\Users\Steve\Documents\Cursos U\hibernate_libs\mysql-connector-java-8.0.16.jar;C:\Users\Steve\Documents\Cursos U\hibernate_libs\antlr-2.7.6.jar;C:\Users\Steve\Documents\Cursos U\hibernate_libs\cglib-2.2.jar;C:\Users\Steve\Documents\Cursos U\hibernate_libs\commons-collections-3.1.jar;C:\Users\Steve\Documents\Cursos U\hibernate_libs\dom4j-1.6.1.jar;C:\Users\Steve\Documents\Cursos U\hibernate_libs\hibernate3.jar;C:\Users\Steve\Documents\Cursos U\hibernate_libs\hibernate-jpa-2.0-api-1.0.0.Final.jar;C:\Users\Steve\Documents\Cursos U\hibernate_libs\javassist-3.12.0.GA.jar;C:\Users\Steve\Documents\Cursos U\hibernate_libs\jta-1.1.jar;C:\Users\Steve\Documents\Cursos U\hibernate_libs\slf4j-api-1.6.1.jar;C:\Users\Steve\eclipse\jee-2019-09\eclipse\configuration\org.eclipse.osgi\412\0\.cp\lib\javaagent-shaded.jar
Launcher Type: SUN_STANDARD

Environment Variables:
CLASSPATH=C:\Program Files\SAP\SAP Business One DI API\JCO\LIB\sbowrapper.jar;C:\Program Files\SAP\SAP Business One DI API\JCO\LIB\sboapi.jar
PATH=C:/Program Files/Java/jre1.8.0_221/bin/server;C:/Program Files/Java/jre1.8.0_221/bin;C:/Program Files/Java/jre1.8.0_221/lib/amd64;C:\ProgramData\DockerDesktop\version-bin;C:\Program Files\Docker\Docker\Resources\bin;C:\Program Files (x86)\Common Files\Oracle\Java\javapath;C:\ProgramData\Oracle\Java\javapath;C:\WINDOWS\system32;C:\WINDOWS;C:\WINDOWS\System32\Wbem;C:\WINDOWS\System32\WindowsPowerShell\v1.0\;C:\Program Files\dotnet\;C:\Program Files\Microsoft SQL Server\130\Tools\Binn\;C:\WINDOWS\System32\OpenSSH\;C:\Program Files (x86)\dotnet\;C:\wamp64\bin\mysql\mysql5.7.21\bin;C:\Program Files\nodejs\;C:\Program Files\SAP\SAP Business One DI API\JCO\LIB\;C:\Program Files\SAP\SAP Business One DI API\DI API 90;C:\Program Files\SAP\SAP Business One\;C:\Program Files\Microsoft SQL Server\Client SDK\ODBC\170\Tools\Binn\;C:\Program Files (x86)\Microsoft SQL Server\150\DTS\Binn\;C:\WINDOWS\system32\config\systemprofile\.dnx\bin;C:\Program Files\Microsoft DNX\Dnvm\;C:\wamp64\bin\php\php5.6.35;C:\composer;C:\Program Files\OpenVPN\bin;C:\Program Files\Microsoft SQL Server\Client SDK\ODBC\110\Tools\Binn\;C:\Program Files\Git\cmd;C:\Users\Steve\AppData\Local\Microsoft\WindowsApps;C:\Users\Steve\.dotnet\tools;C:\Users\Steve\AppData\Local\Programs\Microsoft VS Code\bin;C:\Users\Steve\AppData\Local\GitHubDesktop\bin;C:\Users\Steve\AppData\Roaming\npm;C:\Users\Steve\AppData\Roaming\Composer\vendor\bin;C:\Users\Steve\AppData\Local\Microsoft\WindowsApps;C:\MinGW\bin;;C:\WINDOWS\system32;
USERNAME=Steve
OS=Windows_NT
PROCESSOR_IDENTIFIER=Intel64 Family 6 Model 78 Stepping 3, GenuineIntel



---------------  S Y S T E M  ---------------

OS: Windows 10.0 , 64 bit Build 18362 (10.0.18362.329)

CPU:total 4 (initial active 4) (2 cores per cpu, 2 threads per core) family 6 model 78 stepping 3, cmov, cx8, fxsr, mmx, sse, sse2, sse3, ssse3, sse4.1, sse4.2, popcnt, avx, avx2, aes, clmul, erms, 3dnowpref, lzcnt, ht, tsc, tscinvbit, bmi1, bmi2, adx

Memory: 4k page, physical 8080736k(1191140k free), swap 16804072k(4431564k free)

vm_info: Java HotSpot(TM) 64-Bit Server VM (25.221-b11) for windows-amd64 JRE (1.8.0_221-b11), built on Jul  4 2019 04:39:29 by "java_re" with MS VC++ 10.0 (VS2010)

time: Sun Dec 08 10:39:59 2019
timezone: Hora estándar, América Central
elapsed time: 52865 seconds (0d 14h 41m 5s)

